2025-02-04 15:45:15,277 - Assets path configured: C:\Users\eluna\proyectos\secure_password_generator_desktop\assets
2025-02-04 15:45:15,277 - Starting up TCP server on localhost:60120
2025-02-04 15:45:15,308 - Flet app has started...
2025-02-04 15:45:15,324 - App URL: tcp://localhost:60120
2025-02-04 15:45:15,324 - Starting Flet View app...
2025-02-04 15:45:15,324 - Looking for Flet executable at: C:\Users\eluna\AppData\Local\anaconda3\envs\passgen\Lib\site-packages\flet_desktop\app\flet\flet.exe
2025-02-04 15:45:15,324 - Flet View found in: C:\Users\eluna\AppData\Local\anaconda3\envs\passgen\Lib\site-packages\flet_desktop\app\flet\flet.exe
2025-02-04 15:45:15,734 - App session started
2025-02-04 15:45:54,251 - tipo de contraseña encriptada <class 'bytes'>
2025-02-04 15:45:54,263 - 1
2025-02-04 15:49:30,575 - Assets path configured: C:\Users\eluna\proyectos\secure_password_generator_desktop\assets
2025-02-04 15:49:30,590 - Starting up TCP server on localhost:60203
2025-02-04 15:49:30,619 - Flet app has started...
2025-02-04 15:49:30,619 - App URL: tcp://localhost:60203
2025-02-04 15:49:30,619 - Starting Flet View app...
2025-02-04 15:49:30,619 - Looking for Flet executable at: C:\Users\eluna\AppData\Local\anaconda3\envs\passgen\Lib\site-packages\flet_desktop\app\flet\flet.exe
2025-02-04 15:49:30,619 - Flet View found in: C:\Users\eluna\AppData\Local\anaconda3\envs\passgen\Lib\site-packages\flet_desktop\app\flet\flet.exe
2025-02-04 15:49:30,958 - App session started
2025-02-04 15:50:36,400 - Assets path configured: C:\Users\eluna\proyectos\secure_password_generator_desktop\assets
2025-02-04 15:50:36,416 - Starting up TCP server on localhost:60215
2025-02-04 15:50:36,447 - Flet app has started...
2025-02-04 15:50:36,447 - App URL: tcp://localhost:60215
2025-02-04 15:50:36,447 - Starting Flet View app...
2025-02-04 15:50:36,447 - Looking for Flet executable at: C:\Users\eluna\AppData\Local\anaconda3\envs\passgen\Lib\site-packages\flet_desktop\app\flet\flet.exe
2025-02-04 15:50:36,447 - Flet View found in: C:\Users\eluna\AppData\Local\anaconda3\envs\passgen\Lib\site-packages\flet_desktop\app\flet\flet.exe
2025-02-04 15:50:36,781 - App session started
2025-02-04 15:50:44,953 - C:\Users\eluna\proyectos\secure_password_generator_desktop\views\app.py - Traceback (most recent call last):
  File "C:\Users\eluna\proyectos\secure_password_generator_desktop\views\app.py", line 64, in login
    update_listview()
  File "C:\Users\eluna\proyectos\secure_password_generator_desktop\views\app.py", line 269, in update_listview
    ft.FloatingActionButtonn(
    ^^^^^^^^^^^^^^^^^^^^^^^^
AttributeError: module 'flet' has no attribute 'FloatingActionButtonn'

2025-02-04 15:50:49,459 - tipo de contraseña encriptada <class 'bytes'>
2025-02-04 15:50:49,467 - 2
2025-02-04 15:50:49,480 - C:\Users\eluna\proyectos\secure_password_generator_desktop\views\app.py - Traceback (most recent call last):
  File "C:\Users\eluna\proyectos\secure_password_generator_desktop\views\app.py", line 232, in save_password
    update_listview()
  File "C:\Users\eluna\proyectos\secure_password_generator_desktop\views\app.py", line 269, in update_listview
    ft.FloatingActionButtonn(
    ^^^^^^^^^^^^^^^^^^^^^^^^
AttributeError: module 'flet' has no attribute 'FloatingActionButtonn'

2025-02-04 15:51:19,182 - Assets path configured: C:\Users\eluna\proyectos\secure_password_generator_desktop\assets
2025-02-04 15:51:19,197 - Starting up TCP server on localhost:60228
2025-02-04 15:51:19,228 - Flet app has started...
2025-02-04 15:51:19,228 - App URL: tcp://localhost:60228
2025-02-04 15:51:19,228 - Starting Flet View app...
2025-02-04 15:51:19,228 - Looking for Flet executable at: C:\Users\eluna\AppData\Local\anaconda3\envs\passgen\Lib\site-packages\flet_desktop\app\flet\flet.exe
2025-02-04 15:51:19,228 - Flet View found in: C:\Users\eluna\AppData\Local\anaconda3\envs\passgen\Lib\site-packages\flet_desktop\app\flet\flet.exe
2025-02-04 15:51:19,610 - App session started
2025-02-04 15:51:25,401 - C:\Users\eluna\proyectos\secure_password_generator_desktop\views\app.py - Traceback (most recent call last):
  File "C:\Users\eluna\proyectos\secure_password_generator_desktop\views\app.py", line 64, in login
    update_listview()
  File "C:\Users\eluna\proyectos\secure_password_generator_desktop\views\app.py", line 269, in update_listview
    ft.FloatingActionButton(
TypeError: FloatingActionButton.__init__() got an unexpected keyword argument 'color'

2025-02-04 15:51:28,911 - tipo de contraseña encriptada <class 'bytes'>
2025-02-04 15:51:28,921 - 3
2025-02-04 15:51:28,932 - C:\Users\eluna\proyectos\secure_password_generator_desktop\views\app.py - Traceback (most recent call last):
  File "C:\Users\eluna\proyectos\secure_password_generator_desktop\views\app.py", line 232, in save_password
    update_listview()
  File "C:\Users\eluna\proyectos\secure_password_generator_desktop\views\app.py", line 269, in update_listview
    ft.FloatingActionButton(
TypeError: FloatingActionButton.__init__() got an unexpected keyword argument 'color'

2025-02-04 15:52:12,384 - Assets path configured: C:\Users\eluna\proyectos\secure_password_generator_desktop\assets
2025-02-04 15:52:12,384 - Starting up TCP server on localhost:60238
2025-02-04 15:52:12,415 - Flet app has started...
2025-02-04 15:52:12,431 - App URL: tcp://localhost:60238
2025-02-04 15:52:12,431 - Starting Flet View app...
2025-02-04 15:52:12,431 - Looking for Flet executable at: C:\Users\eluna\AppData\Local\anaconda3\envs\passgen\Lib\site-packages\flet_desktop\app\flet\flet.exe
2025-02-04 15:52:12,431 - Flet View found in: C:\Users\eluna\AppData\Local\anaconda3\envs\passgen\Lib\site-packages\flet_desktop\app\flet\flet.exe
2025-02-04 15:52:12,761 - App session started
2025-02-04 15:54:53,181 - Assets path configured: C:\Users\eluna\proyectos\secure_password_generator_desktop\assets
2025-02-04 15:54:53,181 - Starting up TCP server on localhost:60264
2025-02-04 15:54:53,207 - Flet app has started...
2025-02-04 15:54:53,222 - App URL: tcp://localhost:60264
2025-02-04 15:54:53,222 - Starting Flet View app...
2025-02-04 15:54:53,228 - Looking for Flet executable at: C:\Users\eluna\AppData\Local\anaconda3\envs\passgen\Lib\site-packages\flet_desktop\app\flet\flet.exe
2025-02-04 15:54:53,229 - Flet View found in: C:\Users\eluna\AppData\Local\anaconda3\envs\passgen\Lib\site-packages\flet_desktop\app\flet\flet.exe
2025-02-04 15:54:53,557 - App session started
2025-02-04 16:03:26,470 - Assets path configured: C:\Users\eluna\proyectos\secure_password_generator_desktop\assets
2025-02-04 16:03:26,479 - Starting up TCP server on localhost:60367
2025-02-04 16:03:26,506 - Flet app has started...
2025-02-04 16:03:26,515 - App URL: tcp://localhost:60367
2025-02-04 16:03:26,515 - Starting Flet View app...
2025-02-04 16:03:26,517 - Looking for Flet executable at: C:\Users\eluna\AppData\Local\anaconda3\envs\passgen\Lib\site-packages\flet_desktop\app\flet\flet.exe
2025-02-04 16:03:26,518 - Flet View found in: C:\Users\eluna\AppData\Local\anaconda3\envs\passgen\Lib\site-packages\flet_desktop\app\flet\flet.exe
2025-02-04 16:03:26,841 - App session started
2025-02-04 16:05:53,911 - Assets path configured: C:\Users\eluna\proyectos\secure_password_generator_desktop\assets
2025-02-04 16:05:53,911 - Starting up TCP server on localhost:60391
2025-02-04 16:05:53,942 - Flet app has started...
2025-02-04 16:05:53,942 - App URL: tcp://localhost:60391
2025-02-04 16:05:53,942 - Starting Flet View app...
2025-02-04 16:05:53,958 - Looking for Flet executable at: C:\Users\eluna\AppData\Local\anaconda3\envs\passgen\Lib\site-packages\flet_desktop\app\flet\flet.exe
2025-02-04 16:05:53,958 - Flet View found in: C:\Users\eluna\AppData\Local\anaconda3\envs\passgen\Lib\site-packages\flet_desktop\app\flet\flet.exe
2025-02-04 16:05:54,207 - App session started
2025-02-04 16:08:51,832 - Assets path configured: C:\Users\eluna\proyectos\secure_password_generator_desktop\assets
2025-02-04 16:08:51,848 - Starting up TCP server on localhost:60423
2025-02-04 16:08:51,876 - Flet app has started...
2025-02-04 16:08:51,879 - App URL: tcp://localhost:60423
2025-02-04 16:08:51,879 - Starting Flet View app...
2025-02-04 16:08:51,879 - Looking for Flet executable at: C:\Users\eluna\AppData\Local\anaconda3\envs\passgen\Lib\site-packages\flet_desktop\app\flet\flet.exe
2025-02-04 16:08:51,879 - Flet View found in: C:\Users\eluna\AppData\Local\anaconda3\envs\passgen\Lib\site-packages\flet_desktop\app\flet\flet.exe
2025-02-04 16:09:02,514 - App session started
2025-02-04 16:11:44,972 - Assets path configured: C:\Users\eluna\proyectos\secure_password_generator_desktop\assets
2025-02-04 16:11:44,972 - Starting up TCP server on localhost:60476
2025-02-04 16:11:45,003 - Flet app has started...
2025-02-04 16:11:45,019 - App URL: tcp://localhost:60476
2025-02-04 16:11:45,019 - Starting Flet View app...
2025-02-04 16:11:45,019 - Looking for Flet executable at: C:\Users\eluna\AppData\Local\anaconda3\envs\passgen\Lib\site-packages\flet_desktop\app\flet\flet.exe
2025-02-04 16:11:45,019 - Flet View found in: C:\Users\eluna\AppData\Local\anaconda3\envs\passgen\Lib\site-packages\flet_desktop\app\flet\flet.exe
2025-02-04 16:11:46,770 - App session started
2025-02-04 16:13:15,426 - Assets path configured: C:\Users\eluna\proyectos\secure_password_generator_desktop\assets
2025-02-04 16:13:15,441 - Starting up TCP server on localhost:60540
2025-02-04 16:13:15,472 - Flet app has started...
2025-02-04 16:13:15,472 - App URL: tcp://localhost:60540
2025-02-04 16:13:15,472 - Starting Flet View app...
2025-02-04 16:13:15,472 - Looking for Flet executable at: C:\Users\eluna\AppData\Local\anaconda3\envs\passgen\Lib\site-packages\flet_desktop\app\flet\flet.exe
2025-02-04 16:13:15,472 - Flet View found in: C:\Users\eluna\AppData\Local\anaconda3\envs\passgen\Lib\site-packages\flet_desktop\app\flet\flet.exe
2025-02-04 16:13:15,732 - App session started
2025-02-04 16:16:13,814 - Assets path configured: C:\Users\eluna\proyectos\secure_password_generator_desktop\assets
2025-02-04 16:16:13,830 - Starting up TCP server on localhost:60619
2025-02-04 16:16:13,849 - Flet app has started...
2025-02-04 16:16:13,865 - App URL: tcp://localhost:60619
2025-02-04 16:16:13,865 - Starting Flet View app...
2025-02-04 16:16:13,865 - Looking for Flet executable at: C:\Users\eluna\AppData\Local\anaconda3\envs\passgen\Lib\site-packages\flet_desktop\app\flet\flet.exe
2025-02-04 16:16:13,865 - Flet View found in: C:\Users\eluna\AppData\Local\anaconda3\envs\passgen\Lib\site-packages\flet_desktop\app\flet\flet.exe
2025-02-04 16:16:14,122 - App session started
2025-02-04 16:17:17,298 - Assets path configured: C:\Users\eluna\proyectos\secure_password_generator_desktop\assets
2025-02-04 16:17:17,314 - Starting up TCP server on localhost:60638
2025-02-04 16:17:17,329 - Flet app has started...
2025-02-04 16:17:17,345 - App URL: tcp://localhost:60638
2025-02-04 16:17:17,345 - Starting Flet View app...
2025-02-04 16:17:17,345 - Looking for Flet executable at: C:\Users\eluna\AppData\Local\anaconda3\envs\passgen\Lib\site-packages\flet_desktop\app\flet\flet.exe
2025-02-04 16:17:17,345 - Flet View found in: C:\Users\eluna\AppData\Local\anaconda3\envs\passgen\Lib\site-packages\flet_desktop\app\flet\flet.exe
2025-02-04 16:17:17,590 - App session started
2025-02-04 16:17:44,907 - tipo de contraseña encriptada <class 'bytes'>
2025-02-04 16:17:44,922 - 4
2025-02-04 16:22:56,363 - Assets path configured: C:\Users\eluna\proyectos\secure_password_generator_desktop\assets
2025-02-04 16:22:56,372 - Starting up TCP server on localhost:60790
2025-02-04 16:22:56,400 - Flet app has started...
2025-02-04 16:22:56,411 - App URL: tcp://localhost:60790
2025-02-04 16:22:56,411 - Starting Flet View app...
2025-02-04 16:22:56,413 - Looking for Flet executable at: C:\Users\eluna\AppData\Local\anaconda3\envs\passgen\Lib\site-packages\flet_desktop\app\flet\flet.exe
2025-02-04 16:22:56,413 - Flet View found in: C:\Users\eluna\AppData\Local\anaconda3\envs\passgen\Lib\site-packages\flet_desktop\app\flet\flet.exe
2025-02-04 16:22:56,672 - App session started
2025-02-05 23:16:19,054 - Assets path configured: C:\Users\Emili\OneDrive\Documentos\python\secure_password_generator_desktop\assets
2025-02-05 23:16:19,058 - Starting up TCP server on localhost:54425
2025-02-05 23:16:19,066 - Flet app has started...
2025-02-05 23:16:19,074 - App URL: tcp://localhost:54425
2025-02-05 23:16:19,074 - Starting Flet View app...
2025-02-05 23:16:19,076 - Looking for Flet executable at: C:\Users\Emili\.conda\envs\passgen\Lib\site-packages\flet_desktop\app\flet\flet.exe
2025-02-05 23:16:19,076 - Flet View found in: C:\Users\Emili\.conda\envs\passgen\Lib\site-packages\flet_desktop\app\flet\flet.exe
2025-02-05 23:16:19,396 - App session started
2025-02-05 23:16:48,041 - tipo de contraseña encriptada <class 'bytes'>
2025-02-05 23:16:48,047 - 1
2025-02-05 23:16:50,009 - tipo de contraseña encriptada <class 'bytes'>
2025-02-05 23:16:50,016 - 2
2025-02-05 23:16:51,449 - tipo de contraseña encriptada <class 'bytes'>
2025-02-05 23:16:51,456 - 3
2025-02-05 23:16:52,593 - tipo de contraseña encriptada <class 'bytes'>
2025-02-05 23:16:52,599 - 4
2025-02-05 23:16:53,903 - tipo de contraseña encriptada <class 'bytes'>
2025-02-05 23:16:53,910 - 5
2025-02-05 23:16:55,350 - tipo de contraseña encriptada <class 'bytes'>
2025-02-05 23:16:55,358 - 6
2025-02-05 23:16:59,344 - tipo de contraseña encriptada <class 'bytes'>
2025-02-05 23:16:59,350 - 7
2025-02-05 23:17:28,496 - Assets path configured: C:\Users\Emili\OneDrive\Documentos\python\secure_password_generator_desktop\assets
2025-02-05 23:17:28,498 - Starting up TCP server on localhost:54444
2025-02-05 23:17:28,506 - Flet app has started...
2025-02-05 23:17:28,511 - App URL: tcp://localhost:54444
2025-02-05 23:17:28,511 - Starting Flet View app...
2025-02-05 23:17:28,512 - Looking for Flet executable at: C:\Users\Emili\.conda\envs\passgen\Lib\site-packages\flet_desktop\app\flet\flet.exe
2025-02-05 23:17:28,512 - Flet View found in: C:\Users\Emili\.conda\envs\passgen\Lib\site-packages\flet_desktop\app\flet\flet.exe
2025-02-05 23:17:28,693 - App session started
2025-02-05 23:22:24,950 - Assets path configured: C:\Users\Emili\OneDrive\Documentos\python\secure_password_generator_desktop\assets
2025-02-05 23:22:24,952 - Starting up TCP server on localhost:54526
2025-02-05 23:22:24,961 - Flet app has started...
2025-02-05 23:22:24,967 - App URL: tcp://localhost:54526
2025-02-05 23:22:24,967 - Starting Flet View app...
2025-02-05 23:22:24,968 - Looking for Flet executable at: C:\Users\Emili\.conda\envs\passgen\Lib\site-packages\flet_desktop\app\flet\flet.exe
2025-02-05 23:22:24,968 - Flet View found in: C:\Users\Emili\.conda\envs\passgen\Lib\site-packages\flet_desktop\app\flet\flet.exe
2025-02-05 23:22:25,157 - App session started
2025-02-05 23:22:38,315 - c:\Users\Emili\OneDrive\Documentos\python\secure_password_generator_desktop\views\app.py - Traceback (most recent call last):
  File "c:\Users\Emili\OneDrive\Documentos\python\secure_password_generator_desktop\views\app.py", line 230, in save_password
    PasswordFactory().create(password_field.value, user.get_id())
  File "c:\Users\Emili\OneDrive\Documentos\python\secure_password_generator_desktop\models\password\password_factory.py", line 35, in create
    password_id = PasswordDAO.create(
                  ^^^^^^^^^^^^^^^^^^^
  File "c:\Users\Emili\OneDrive\Documentos\python\secure_password_generator_desktop\models\password\password_dao.py", line 49, in create
    cursor.execute(query, (password.crypted_password, user_id))
                           ^^^^^^^^^^^^^^^^^^^^^^^^^
AttributeError: 'NoneType' object has no attribute 'crypted_password'

2025-02-05 23:22:40,967 - tipo de contraseña encriptada <class 'bytes'>
2025-02-05 23:22:40,974 - 8
2025-02-05 23:27:30,730 - Assets path configured: C:\Users\Emili\OneDrive\Documentos\python\secure_password_generator_desktop\assets
2025-02-05 23:27:30,731 - Starting up TCP server on localhost:54735
2025-02-05 23:27:30,740 - Flet app has started...
2025-02-05 23:27:30,747 - App URL: tcp://localhost:54735
2025-02-05 23:27:30,747 - Starting Flet View app...
2025-02-05 23:27:30,748 - Looking for Flet executable at: C:\Users\Emili\.conda\envs\passgen\Lib\site-packages\flet_desktop\app\flet\flet.exe
2025-02-05 23:27:30,749 - Flet View found in: C:\Users\Emili\.conda\envs\passgen\Lib\site-packages\flet_desktop\app\flet\flet.exe
2025-02-05 23:27:30,971 - App session started
2025-02-06 00:50:03,648 - Assets path configured: C:\Users\Emili\OneDrive\Documentos\python\secure_password_generator_desktop\assets
2025-02-06 00:50:03,650 - Starting up TCP server on localhost:57239
2025-02-06 00:50:03,658 - Flet app has started...
2025-02-06 00:50:03,664 - App URL: tcp://localhost:57239
2025-02-06 00:50:03,664 - Starting Flet View app...
2025-02-06 00:50:03,665 - Looking for Flet executable at: C:\Users\Emili\.conda\envs\passgen\Lib\site-packages\flet_desktop\app\flet\flet.exe
2025-02-06 00:50:03,665 - Flet View found in: C:\Users\Emili\.conda\envs\passgen\Lib\site-packages\flet_desktop\app\flet\flet.exe
2025-02-06 00:50:03,863 - App session started
2025-02-06 00:51:56,958 - Assets path configured: C:\Users\Emili\OneDrive\Documentos\python\secure_password_generator_desktop\assets
2025-02-06 00:51:56,959 - Starting up TCP server on localhost:57287
2025-02-06 00:51:56,969 - Flet app has started...
2025-02-06 00:51:56,975 - App URL: tcp://localhost:57287
2025-02-06 00:51:56,975 - Starting Flet View app...
2025-02-06 00:51:56,976 - Looking for Flet executable at: C:\Users\Emili\.conda\envs\passgen\Lib\site-packages\flet_desktop\app\flet\flet.exe
2025-02-06 00:51:56,976 - Flet View found in: C:\Users\Emili\.conda\envs\passgen\Lib\site-packages\flet_desktop\app\flet\flet.exe
2025-02-06 00:51:57,168 - App session started
2025-02-06 00:52:06,011 - tipo de contraseña encriptada <class 'bytes'>
2025-02-06 00:52:06,018 - 9
2025-02-06 00:52:08,450 - tipo de contraseña encriptada <class 'bytes'>
2025-02-06 00:52:08,457 - 10
2025-02-06 00:52:09,517 - tipo de contraseña encriptada <class 'bytes'>
2025-02-06 00:52:09,524 - 11
2025-02-06 00:53:35,075 - Assets path configured: C:\Users\Emili\OneDrive\Documentos\python\secure_password_generator_desktop\assets
2025-02-06 00:53:35,076 - Starting up TCP server on localhost:57330
2025-02-06 00:53:35,085 - Flet app has started...
2025-02-06 00:53:35,091 - App URL: tcp://localhost:57330
2025-02-06 00:53:35,091 - Starting Flet View app...
2025-02-06 00:53:35,092 - Looking for Flet executable at: C:\Users\Emili\.conda\envs\passgen\Lib\site-packages\flet_desktop\app\flet\flet.exe
2025-02-06 00:53:35,092 - Flet View found in: C:\Users\Emili\.conda\envs\passgen\Lib\site-packages\flet_desktop\app\flet\flet.exe
2025-02-06 00:53:35,281 - App session started
